<?xml version="1.0" encoding="UTF-8"?>
<!-- Generated by org.testng.reporters.JUnitReportReporter -->
<testsuite hostname="DESKTOP-CGT0PS3" name="testcases.VerifyHomePage" tests="1" failures="0" timestamp="16 Oct 2016 22:45:15 GMT" time="12.041" errors="0">
  <testcase name="createnewstore" time="12.041" classname="testcases.VerifyHomePage"/>
</testsuite> <!-- testcases.VerifyHomePage -->
